app/build/outputs/mapping/proguard/seeds.txt
com.google.mlkit.vision.demo.preference.SettingsActivity
com.google.mlkit.vision.demo.kotlin.CameraXLivePreviewActivity
com.google.mlkit.vision.demo.CameraSourcePreview
com.google.mlkit.vision.demo.java.CameraXLivePreviewActivity
com.google.mlkit.vision.demo.java.ChooserActivity
com.google.mlkit.vision.demo.GraphicOverlay
com.google.mlkit.vision.demo.java.LivePreviewActivity
com.google.mlkit.vision.demo.kotlin.ChooserActivity
com.google.mlkit.vision.demo.kotlin.StillImageActivity
com.google.mlkit.vision.demo.EntryChoiceActivity
com.google.mlkit.vision.demo.kotlin.LivePreviewActivity
com.google.mlkit.vision.demo.java.StillImageActivity
com.google.mlkit.vision.demo.java.ChooserActivity: ChooserActivity()
com.google.mlkit.vision.demo.kotlin.ChooserActivity: ChooserActivity()
com.google.mlkit.vision.demo.EntryChoiceActivity: EntryChoiceActivity()
com.google.mlkit.vision.demo.GraphicOverlay: int getImageHeight()
com.google.mlkit.vision.demo.preference.SettingsActivity: SettingsActivity()
com.google.mlkit.vision.demo.preference.CameraXSourceDemoPreferenceFragment: CameraXSourceDemoPreferenceFragment()
com.google.mlkit.vision.demo.kotlin.LivePreviewActivity: LivePreviewActivity()
com.google.mlkit.vision.demo.preference.SettingsActivity$LaunchSource: com.google.mlkit.vision.demo.preference.SettingsActivity$LaunchSource valueOf(java.lang.String)
com.google.mlkit.vision.demo.GraphicOverlay: GraphicOverlay(android.content.Context,android.util.AttributeSet)
com.google.mlkit.vision.demo.kotlin.StillImageActivity: StillImageActivity()
com.google.mlkit.vision.demo.kotlin.CameraXLivePreviewActivity: CameraXLivePreviewActivity()
com.google.mlkit.vision.demo.CameraXViewModel: CameraXViewModel(android.app.Application)
com.google.mlkit.vision.demo.preference.SettingsActivity$LaunchSource: com.google.mlkit.vision.demo.preference.SettingsActivity$LaunchSource[] values()
com.google.mlkit.vision.demo.preference.LivePreviewPreferenceFragment: LivePreviewPreferenceFragment()
com.google.mlkit.vision.demo.preference.CameraXLivePreviewPreferenceFragment: CameraXLivePreviewPreferenceFragment()
com.google.mlkit.vision.demo.preference.StillImagePreferenceFragment: StillImagePreferenceFragment()
com.google.mlkit.vision.demo.java.StillImageActivity: StillImageActivity()
com.google.mlkit.vision.demo.java.CameraXLivePreviewActivity: CameraXLivePreviewActivity()
com.google.mlkit.vision.demo.java.LivePreviewActivity: LivePreviewActivity()
com.google.mlkit.vision.demo.CameraSourcePreview: CameraSourcePreview(android.content.Context,android.util.AttributeSet)
com.google.mlkit.vision.demo.java.posedetector.classification.ClassificationResult: ClassificationResult()
com.google.mlkit.vision.demo.GraphicOverlay: int getImageWidth()
...
androidx.camera.core.impl.SessionConfig$SessionError: androidx.camera.core.impl.SessionConfig$SessionError valueOf(java.lang.String)
androidx.appcompat.widget.ViewStubCompat: int getLayoutResource()
androidx.appcompat.widget.AppCompatTextHelper$Api17Impl: void setCompoundDrawablesRelativeWithIntrinsicBounds(android.widget.TextView,android.graphics.drawable.Drawable,android.graphics.drawable.Drawable,android.graphics.drawable.Drawable,android.graphics.drawable.Drawable)
androidx.room.RoomDatabase: RoomDatabase()
com.google.android.gms.internal.mlkit_vision_mediapipe.zzhp: void zzw(long)
androidx.appcompat.widget.LinearLayoutCompat: void setBaselineAligned(boolean)
com.google.android.gms.internal.mlkit_vision_mediapipe.zzfb: zzfb()
androidx.core.view.WindowInsetsCompat$Impl20: void copyRootViewBounds(android.view.View)
androidx.appcompat.widget.ActionMenuView: int getWindowAnimations()
androidx.core.app.AppOpsManagerCompat$Api23Impl: java.lang.String permissionToOp(java.lang.String)
androidx.appcompat.widget.ViewStubCompat: int getInflatedId()
androidx.lifecycle.Lifecycle$Event: androidx.lifecycle.Lifecycle$Event valueOf(java.lang.String)
androidx.core.view.WindowInsetsCompat$Impl20: androidx.core.graphics.Insets getSystemWindowInsets()
androidx.camera.core.UseCase$State: androidx.camera.core.UseCase$State valueOf(java.lang.String)
com.google.android.gms.internal.mlkit_vision_mediapipe.zzgy: zzgy()
com.google.android.gms.internal.mlkit_vision_mediapipe.zzhp: void zzi(java.util.Map)
com.google.android.gms.internal.mlkit_vision_mediapipe.zzhp: void zzf()
androidx.core.view.WindowInsetsCompat$Impl20: void loadReflectionField()
com.google.android.datatransport.runtime.backends.TransportBackendDiscovery: TransportBackendDiscovery()
androidx.appcompat.widget.ActionBarOverlayLayout: void setOverlayMode(boolean)
androidx.camera.core.impl.utils.executor.SequentialExecutor$WorkerRunningState: androidx.camera.core.impl.utils.executor.SequentialExecutor$WorkerRunningState valueOf(java.lang.String)
okhttp3.internal.http.RetryableSink: RetryableSink()
androidx.core.view.WindowInsetsCompat$Impl28: boolean equals(java.lang.Object)
androidx.appcompat.widget.AppCompatTextView: void setLineHeight(int)
androidx.core.view.ViewCompat$Api28Impl: void setScreenReaderFocusable(android.view.View,boolean)
androidx.core.view.WindowInsetsCompat$Impl29: androidx.core.graphics.Insets getSystemGestureInsets()
androidx.appcompat.widget.ActionBarOverlayLayout: void setWindowTitle(java.lang.CharSequence)
androidx.work.impl.utils.futures.DirectExecutor: androidx.work.impl.utils.futures.DirectExecutor[] values()
androidx.appcompat.widget.Toolbar: Toolbar(android.content.Context,android.util.AttributeSet)
androidx.appcompat.widget.SearchView: int getImeOptions()
androidx.work.Constraints: Constraints()
androidx.appcompat.widget.AppCompatSpinner: android.content.res.ColorStateList getSupportBackgroundTintList()
androidx.appcompat.widget.ListPopupWindow$Api24Impl: int getMaxAvailableHeight(android.widget.PopupWindow,android.view.View,int,boolean)
androidx.appcompat.widget.Toolbar: int getCurrentContentInsetEnd()
androidx.camera.view.PreviewView$ScaleType: androidx.camera.view.PreviewView$ScaleType[] values()
androidx.vectordrawable.graphics.drawable.VectorDrawableCompat$VGroup: void setTranslateX(float)
androidx.core.view.WindowInsetsCompat$Impl20: androidx.core.graphics.Insets getInsets(int,boolean)
androidx.appcompat.widget.Toolbar$Api33Impl: android.window.OnBackInvokedDispatcher findOnBackInvokedDispatcher(android.view.View)
androidx.core.view.ViewCompat$Api21Impl: void setZ(android.view.View,float)
androidx.lifecycle.EmptyActivityLifecycleCallbacks: void onActivityStopped(android.app.Activity)
androidx.appcompat.widget.Toolbar: void setSubtitleTextColor(android.content.res.ColorStateList)
com.google.mlkit.common.internal.CommonComponentRegistrar: CommonComponentRegistrar()