app/build/outputs/mapping/proguard/mapping.txt
# compiler: R8
# compiler_version: 3.3.83
# min_api: 21
# common_typos_disable
# {"id":"com.android.tools.r8.mapping","version":"2.0"}
# pg_map_id: 502a336
# pg_map_hash: SHA-256 502a3362772fa3cbe37b4aef9c8ff766d2986c92b8afe425f8a1892498a6bcb6
com.google.mlkit.vision.demo.BitmapUtils -> r3.a:
    boolean areUVPlanesNV21(android.media.Image$Plane[],int,int) -> a
    android.graphics.Bitmap getBitmap(java.nio.ByteBuffer,com.google.mlkit.vision.demo.FrameMetadata) -> b
    android.graphics.Bitmap getBitmap(androidx.camera.core.ImageProxy) -> c
    android.graphics.Bitmap getBitmapFromContentUri(android.content.ContentResolver,android.net.Uri) -> d
    int getExifOrientationTag(android.content.ContentResolver,android.net.Uri) -> e
    android.graphics.Bitmap rotateBitmap(android.graphics.Bitmap,int,boolean,boolean) -> f
    void unpackPlane(android.media.Image$Plane,int,int,byte[],int,int) -> g
    java.nio.ByteBuffer yuv420ThreePlanesToNV21(android.media.Image$Plane[],int,int) -> h
com.google.mlkit.vision.demo.CameraImageGraphic -> com.google.mlkit.vision.demo.a:
    android.graphics.Bitmap bitmap -> b
    void draw(android.graphics.Canvas) -> a
com.google.mlkit.vision.demo.CameraSource -> r3.b:
    java.lang.Object processorLock -> j
    com.google.mlkit.vision.demo.GraphicOverlay graphicOverlay -> g
    java.util.IdentityHashMap bytesToByteBuffer -> l
    android.hardware.Camera camera -> b
    com.google.mlkit.vision.demo.CameraSource$FrameProcessingRunnable processingRunnable -> i
    int rotationDegrees -> d
    com.google.mlkit.vision.demo.VisionImageProcessor frameProcessor -> k
    android.app.Activity activity -> a
    int facing -> c
    com.google.android.gms.common.images.Size previewSize -> e
    android.graphics.SurfaceTexture dummySurfaceTexture -> f
    java.lang.Thread processingThread -> h
    com.google.mlkit.vision.demo.CameraSource$FrameProcessingRunnable access$100(com.google.mlkit.vision.demo.CameraSource) -> a
    java.util.IdentityHashMap access$200(com.google.mlkit.vision.demo.CameraSource) -> b
    java.lang.Object access$300(com.google.mlkit.vision.demo.CameraSource) -> c
    int access$400(com.google.mlkit.vision.demo.CameraSource) -> d
    com.google.android.gms.common.images.Size access$500(com.google.mlkit.vision.demo.CameraSource) -> e
    com.google.mlkit.vision.demo.GraphicOverlay access$600(com.google.mlkit.vision.demo.CameraSource) -> f
    com.google.mlkit.vision.demo.VisionImageProcessor access$700(com.google.mlkit.vision.demo.CameraSource) -> g
    android.hardware.Camera access$800(com.google.mlkit.vision.demo.CameraSource) -> h
    void cleanScreen() -> i
com.google.mlkit.vision.demo.CameraSource$1 -> r3.b$a:
com.google.mlkit.vision.demo.CameraSource$CameraPreviewCallback -> r3.b$b:
    com.google.mlkit.vision.demo.CameraSource this$0 -> a
com.google.mlkit.vision.demo.CameraSource$FrameProcessingRunnable -> r3.b$c:
    java.lang.Object lock -> d
    boolean active -> e
    java.nio.ByteBuffer pendingFrameData -> f
    com.google.mlkit.vision.demo.CameraSource this$0 -> g
    void setActive(boolean) -> a
    void setNextFrame(byte[],android.hardware.Camera) -> b
com.google.mlkit.vision.demo.CameraSource$SizePair -> r3.b$d:
    com.google.android.gms.common.images.Size preview -> a
    com.google.android.gms.common.images.Size picture -> b
com.google.mlkit.vision.demo.CameraSourcePreview -> com.google.mlkit.vision.demo.CameraSourcePreview:
    com.google.mlkit.vision.demo.GraphicOverlay overlay -> i
    boolean startRequested -> f
    boolean surfaceAvailable -> g
    android.content.Context context -> d
    android.view.SurfaceView surfaceView -> e
    com.google.mlkit.vision.demo.CameraSource cameraSource -> h
    boolean access$102(com.google.mlkit.vision.demo.CameraSourcePreview,boolean) -> a
    void access$200(com.google.mlkit.vision.demo.CameraSourcePreview) -> b
    boolean isPortraitMode() -> c
    void start(com.google.mlkit.vision.demo.CameraSource) -> d
    void start(com.google.mlkit.vision.demo.CameraSource,com.google.mlkit.vision.demo.GraphicOverlay) -> e
    void startIfReady() -> f
    void stop() -> g
com.google.mlkit.vision.demo.CameraSourcePreview$1 -> com.google.mlkit.vision.demo.CameraSourcePreview$a:
...
androidx.sqlite.db.SupportSQLiteOpenHelper$Configuration$Builder -> v0.c$b$a:
    android.content.Context mContext -> a
    androidx.sqlite.db.SupportSQLiteOpenHelper$Callback mCallback -> c
    java.lang.String mName -> b
    boolean mUseNoBackUpDirectory -> d
    androidx.sqlite.db.SupportSQLiteOpenHelper$Configuration build() -> a
    androidx.sqlite.db.SupportSQLiteOpenHelper$Configuration$Builder callback(androidx.sqlite.db.SupportSQLiteOpenHelper$Callback) -> b
    androidx.sqlite.db.SupportSQLiteOpenHelper$Configuration$Builder name(java.lang.String) -> c
    androidx.sqlite.db.SupportSQLiteOpenHelper$Configuration$Builder noBackupDirectory(boolean) -> d
androidx.sqlite.db.SupportSQLiteOpenHelper$Factory -> v0.c$c:
    androidx.sqlite.db.SupportSQLiteOpenHelper create(androidx.sqlite.db.SupportSQLiteOpenHelper$Configuration) -> a
androidx.sqlite.db.SupportSQLiteProgram -> v0.d:
    void bindNull(int) -> K
    void bindDouble(int,double) -> O
    void bindLong(int,long) -> k0
    void bindBlob(int,byte[]) -> u0
    void bindString(int,java.lang.String) -> z
androidx.sqlite.db.SupportSQLiteQuery -> v0.e:
    java.lang.String getSql() -> a
    void bindTo(androidx.sqlite.db.SupportSQLiteProgram) -> d
androidx.sqlite.db.SupportSQLiteStatement -> v0.f:
    int executeUpdateDelete() -> D
    long executeInsert() -> E0
androidx.sqlite.db.framework.FrameworkSQLiteDatabase -> w0.a:
    android.database.sqlite.SQLiteDatabase mDelegate -> d
    java.lang.String[] CONFLICT_VALUES -> e
    java.lang.String[] EMPTY_STRING_ARRAY -> f
    androidx.sqlite.db.SupportSQLiteStatement compileStatement(java.lang.String) -> E
    android.database.Cursor query(java.lang.String) -> F0
    android.database.Cursor query(androidx.sqlite.db.SupportSQLiteQuery) -> R
    java.lang.String getPath() -> U
    boolean inTransaction() -> W
    boolean isDelegate(android.database.sqlite.SQLiteDatabase) -> a
    void endTransaction() -> n
    void setTransactionSuccessful() -> n0
    void beginTransaction() -> o
    void execSQL(java.lang.String,java.lang.Object[]) -> r0
    java.util.List getAttachedDbs() -> t
    android.database.Cursor query(androidx.sqlite.db.SupportSQLiteQuery,android.os.CancellationSignal) -> w0
    void execSQL(java.lang.String) -> x
androidx.sqlite.db.framework.FrameworkSQLiteDatabase$1 -> w0.a$a:
    androidx.sqlite.db.framework.FrameworkSQLiteDatabase this$0 -> b
    androidx.sqlite.db.SupportSQLiteQuery val$supportQuery -> a
androidx.sqlite.db.framework.FrameworkSQLiteDatabase$2 -> w0.a$b:
    androidx.sqlite.db.framework.FrameworkSQLiteDatabase this$0 -> b
    androidx.sqlite.db.SupportSQLiteQuery val$supportQuery -> a
androidx.sqlite.db.framework.FrameworkSQLiteOpenHelper -> w0.b:
    java.lang.Object mLock -> h
    androidx.sqlite.db.framework.FrameworkSQLiteOpenHelper$OpenHelper mDelegate -> i
    boolean mWriteAheadLoggingEnabled -> j
    androidx.sqlite.db.SupportSQLiteOpenHelper$Callback mCallback -> f
    boolean mUseNoBackupDirectory -> g
    android.content.Context mContext -> d
    java.lang.String mName -> e
    androidx.sqlite.db.SupportSQLiteDatabase getWritableDatabase() -> D0
    androidx.sqlite.db.framework.FrameworkSQLiteOpenHelper$OpenHelper getDelegate() -> a
androidx.sqlite.db.framework.FrameworkSQLiteOpenHelper$OpenHelper -> w0.b$a:
    androidx.sqlite.db.SupportSQLiteOpenHelper$Callback mCallback -> e
    androidx.sqlite.db.framework.FrameworkSQLiteDatabase[] mDbRef -> d
    boolean mMigrated -> f
    androidx.sqlite.db.framework.FrameworkSQLiteDatabase getWrappedDb(android.database.sqlite.SQLiteDatabase) -> a
    androidx.sqlite.db.framework.FrameworkSQLiteDatabase getWrappedDb(androidx.sqlite.db.framework.FrameworkSQLiteDatabase[],android.database.sqlite.SQLiteDatabase) -> d
    androidx.sqlite.db.SupportSQLiteDatabase getWritableSupportDatabase() -> f