app/build/outputs/mapping/proguard/usage.txt
com.google.mlkit.vision.demo.BitmapUtils:
    private static final java.lang.String TAG
    public void <init>()
com.google.mlkit.vision.demo.BuildConfig
com.google.mlkit.vision.demo.CameraSource:
    private static final float ASPECT_RATIO_TOLERANCE
    public static final int CAMERA_FACING_BACK
    public static final int CAMERA_FACING_FRONT
    public static final int DEFAULT_REQUESTED_CAMERA_PREVIEW_HEIGHT
    public static final int DEFAULT_REQUESTED_CAMERA_PREVIEW_WIDTH
    private static final int DUMMY_TEXTURE_NAME
    public static final int IMAGE_FORMAT
    private static final boolean REQUESTED_AUTO_FOCUS
    private static final float REQUESTED_FPS
    private static final java.lang.String TAG
    private static int getZoomValue(android.hardware.Camera$Parameters,float)
    public boolean setZoom(float)
com.google.mlkit.vision.demo.CameraSourcePreview:
    private static final java.lang.String TAG
    public void release()
com.google.mlkit.vision.demo.CameraXViewModel:
    private static final java.lang.String TAG
com.google.mlkit.vision.demo.EntryChoiceActivity:
    private static final int PERMISSION_REQUESTS
    private static final java.lang.String TAG
com.google.mlkit.vision.demo.GraphicOverlay$Graphic:
    protected void drawRect(android.graphics.Canvas,float,float,float,float,android.graphics.Paint)
    protected void drawText(android.graphics.Canvas,java.lang.String,float,float,android.graphics.Paint)
    public android.content.Context getApplicationContext()
    public boolean isImageFlipped()
com.google.mlkit.vision.demo.GraphicOverlay:
    public void remove(com.google.mlkit.vision.demo.GraphicOverlay$Graphic)
com.google.mlkit.vision.demo.InferenceInfoGraphic:
    private static final int TEXT_COLOR
    private static final float TEXT_SIZE
    public void <init>(com.google.mlkit.vision.demo.GraphicOverlay)
com.google.mlkit.vision.demo.R$anim
com.google.mlkit.vision.demo.R$animator
com.google.mlkit.vision.demo.R$array
com.google.mlkit.vision.demo.R$attr
com.google.mlkit.vision.demo.R$bool
com.google.mlkit.vision.demo.R$color
com.google.mlkit.vision.demo.R$dimen
com.google.mlkit.vision.demo.R$drawable
com.google.mlkit.vision.demo.R$id
com.google.mlkit.vision.demo.R$integer
com.google.mlkit.vision.demo.R$interpolator
com.google.mlkit.vision.demo.R$layout
com.google.mlkit.vision.demo.R$menu
com.google.mlkit.vision.demo.R$mipmap
com.google.mlkit.vision.demo.R$string
com.google.mlkit.vision.demo.R$style
com.google.mlkit.vision.demo.R$styleable
com.google.mlkit.vision.demo.R$xml
com.google.mlkit.vision.demo.R
com.google.mlkit.vision.demo.TemperatureMonitor:
    private static final java.lang.String TAG
com.google.mlkit.vision.demo.java.CameraXLivePreviewActivity:
    private static final java.lang.String POSE_DETECTION
    private static final java.lang.String STATE_SELECTED_MODEL
    private static final java.lang.String TAG
com.google.mlkit.vision.demo.java.ChooserActivity:
    private static final java.lang.String TAG
com.google.mlkit.vision.demo.java.LivePreviewActivity:
    private static final java.lang.String POSE_DETECTION
    private static final java.lang.String TAG
com.google.mlkit.vision.demo.java.StillImageActivity:
    private static final java.lang.String KEY_IMAGE_URI
    private static final java.lang.String KEY_SELECTED_SIZE
    private static final java.lang.String POSE_DETECTION
    private static final int REQUEST_CHOOSE_IMAGE
    private static final int REQUEST_IMAGE_CAPTURE
    private static final java.lang.String SIZE_1024_768
    private static final java.lang.String SIZE_640_480
    private static final java.lang.String SIZE_ORIGINAL
    private static final java.lang.String SIZE_SCREEN
    private static final java.lang.String TAG
com.google.mlkit.vision.demo.java.VisionProcessorBase:
    protected static final java.lang.String MANUAL_TESTING_LOG
    private static final java.lang.String TAG
...
com.google.common.collect.MultimapBuilder$MultimapBuilderWithKeys$6
com.google.common.collect.MultimapBuilder$MultimapBuilderWithKeys
com.google.common.collect.MultimapBuilder$SetMultimapBuilder
com.google.common.collect.MultimapBuilder$SortedSetMultimapBuilder
com.google.common.collect.MultimapBuilder$TreeSetSupplier
com.google.common.collect.MultimapBuilder
com.google.common.collect.Multimaps$AsMap$EntrySet$1
com.google.common.collect.Multimaps$AsMap$EntrySet
com.google.common.collect.Multimaps$AsMap
com.google.common.collect.Multimaps$CustomListMultimap
com.google.common.collect.Multimaps$CustomMultimap
com.google.common.collect.Multimaps$CustomSetMultimap
com.google.common.collect.Multimaps$CustomSortedSetMultimap
com.google.common.collect.Multimaps$Entries
com.google.common.collect.Multimaps$Keys$1$1
com.google.common.collect.Multimaps$Keys$1
com.google.common.collect.Multimaps$Keys
com.google.common.collect.Multimaps$MapMultimap$1$1
com.google.common.collect.Multimaps$MapMultimap$1
com.google.common.collect.Multimaps$MapMultimap
com.google.common.collect.Multimaps$TransformedEntriesListMultimap
com.google.common.collect.Multimaps$TransformedEntriesMultimap$1
com.google.common.collect.Multimaps$TransformedEntriesMultimap
com.google.common.collect.Multimaps$UnmodifiableListMultimap
com.google.common.collect.Multimaps$UnmodifiableMultimap$1
com.google.common.collect.Multimaps$UnmodifiableMultimap
com.google.common.collect.Multimaps$UnmodifiableSetMultimap
com.google.common.collect.Multimaps$UnmodifiableSortedSetMultimap
com.google.common.collect.Multimaps
com.google.common.collect.Multiset$Entry
com.google.common.collect.Multiset
com.google.common.collect.Multisets$1$1
com.google.common.collect.Multisets$1
com.google.common.collect.Multisets$2$1
com.google.common.collect.Multisets$2
com.google.common.collect.Multisets$3$1
com.google.common.collect.Multisets$3
com.google.common.collect.Multisets$4$1
com.google.common.collect.Multisets$4$2
com.google.common.collect.Multisets$4
com.google.common.collect.Multisets$5
com.google.common.collect.Multisets$AbstractEntry
com.google.common.collect.Multisets$DecreasingCount
com.google.common.collect.Multisets$ElementSet
com.google.common.collect.Multisets$EntrySet
com.google.common.collect.Multisets$FilteredMultiset$1
com.google.common.collect.Multisets$FilteredMultiset
com.google.common.collect.Multisets$ImmutableEntry
com.google.common.collect.Multisets$MultisetIteratorImpl
com.google.common.collect.Multisets$UnmodifiableMultiset
com.google.common.collect.Multisets$ViewMultiset
com.google.common.collect.Multisets
com.google.common.collect.MutableClassToInstanceMap$1
com.google.common.collect.MutableClassToInstanceMap$2$1
com.google.common.collect.MutableClassToInstanceMap$2
com.google.common.collect.MutableClassToInstanceMap$SerializedForm
com.google.common.collect.MutableClassToInstanceMap
com.google.common.collect.NaturalOrdering
com.google.common.collect.NullsFirstOrdering
com.google.common.collect.NullsLastOrdering
com.google.common.collect.ObjectArrays
com.google.common.collect.ObjectCountHashMap$MapEntry
com.google.common.collect.ObjectCountHashMap
com.google.common.collect.ObjectCountLinkedHashMap
com.google.common.collect.Ordering$ArbitraryOrdering
com.google.common.collect.Ordering$ArbitraryOrderingHolder
com.google.common.collect.Ordering$IncomparableValueException
com.google.common.collect.Ordering
com.google.common.collect.PeekingIterator
com.google.common.collect.Platform
com.google.common.collect.Queues
com.google.common.collect.Range$1
com.google.common.collect.Range$LowerBoundFn
com.google.common.collect.Range$RangeLexOrdering
com.google.common.collect.Range$UpperBoundFn
com.google.common.collect.Range
com.google.common.collect.RangeGwtSerializationDependencies
com.google.common.collect.RangeMap
com.google.common.collect.RangeSet
com.google.common.collect.RegularContiguousSet$1
com.google.common.collect.RegularContiguousSet$2